<?xml version="1.0" encoding="UTF-8"?>
<!-- Generated by org.testng.reporters.JUnitReportReporter -->
<testsuite hostname="LAPTOP-HP-MRINS" name="com.projectYoutube.ProjectYoutubeTest" tests="1" failures="0" timestamp="12 Jul 2021 06:12:27 GMT" time="14.084" errors="0">
  <testcase name="searchTextInYouTube" time="14.084" classname="com.projectYoutube.ProjectYoutubeTest"/>
</testsuite> <!-- com.projectYoutube.ProjectYoutubeTest -->
